GROUP,PACKAGE,CLASS,INSTRUCTION_MISSED,INSTRUCTION_COVERED,BRANCH_MISSED,BRANCH_COVERED,LINE_MISSED,LINE_COVERED,COMPLEXITY_MISSED,COMPLEXITY_COVERED,METHOD_MISSED,METHOD_COVERED
coverge_tests,io.github.josepaulo.mockito.staticwithparams,MyUtils,11,0,2,0,4,0,3,0,2,0
coverge_tests,io.github.josepaulo.mockito.services,OrderService,1,25,1,1,0,7,1,2,0,2
coverge_tests,io.github.josepaulo.mockito.services,Order,6,25,0,0,2,12,2,7,2,7
coverge_tests,io.github.josepaulo.mockito.business,CourseBusiness,0,67,0,10,0,17,0,8,0,3
